# JRE version: Java(TM) SE Runtime Environment (8.0_281-b09) (build 1.8.0_281-b09)
# Java VM: Java HotSpot(TM) 64-Bit Server VM (25.281-b09 mixed mode windows-amd64 compressed oops)
Heap:
 PSYoungGen      total 400384K, used 318761K [0x00000000e0000000, 0x00000000ffe00000, 0x0000000100000000)
  eden space 291328K, 88% used [0x00000000e0000000,0x00000000efc10ec8,0x00000000f1c80000)
  from space 109056K, 55% used [0x00000000f1c80000,0x00000000f57b96b8,0x00000000f8700000)
  to   space 109056K, 0% used [0x00000000f9380000,0x00000000f9380000,0x00000000ffe00000)
 ParOldGen       total 594432K, used 402175K [0x00000000a0000000, 0x00000000c4480000, 0x00000000e0000000)
  object space 594432K, 67% used [0x00000000a0000000,0x00000000b88bfd30,0x00000000c4480000)
 Metaspace       used 111567K, capacity 115476K, committed 115608K, reserved 1150976K
  class space    used 12790K, capacity 13710K, committed 13736K, reserved 1048576K
GC Heap History (10 events):
Event: 423.576 GC heap before
{Heap before GC invocations=99 (full 6):
 PSYoungGen      total 399360K, used 283990K [0x00000000e0000000, 0x0000000100000000, 0x0000000100000000)
  eden space 272896K, 100% used [0x00000000e0000000,0x00000000f0a80000,0x00000000f0a80000)
  from space 126464K, 8% used [0x00000000f8480000,0x00000000f8f55b70,0x0000000100000000)
  to   space 124928K, 0% used [0x00000000f0a80000,0x00000000f0a80000,0x00000000f8480000)
 ParOldGen       total 594432K, used 399095K [0x00000000a0000000, 0x00000000c4480000, 0x00000000e0000000)
  object space 594432K, 67% used [0x00000000a0000000,0x00000000b85bdd20,0x00000000c4480000)
 Metaspace       used 110782K, capacity 114420K, committed 114712K, reserved 1150976K
  class space    used 12707K, capacity 13588K, committed 13608K, reserved 1048576K
Event: 423.596 GC heap after
Heap after GC invocations=99 (full 6):
 PSYoungGen      total 294400K, used 21113K [0x00000000e0000000, 0x00000000ff780000, 0x0000000100000000)
  eden space 272896K, 0% used [0x00000000e0000000,0x00000000e0000000,0x00000000f0a80000)
  from space 21504K, 98% used [0x00000000f0a80000,0x00000000f1f1e4f0,0x00000000f1f80000)
  to   space 121344K, 0% used [0x00000000f8100000,0x00000000f8100000,0x00000000ff780000)
 ParOldGen       total 594432K, used 402159K [0x00000000a0000000, 0x00000000c4480000, 0x00000000e0000000)
  object space 594432K, 67% used [0x00000000a0000000,0x00000000b88bbd30,0x00000000c4480000)
 Metaspace       used 110782K, capacity 114420K, committed 114712K, reserved 1150976K
  class space    used 12707K, capacity 13588K, committed 13608K, reserved 1048576K
}
Event: 425.981 GC heap before
{Heap before GC invocations=100 (full 6):
 PSYoungGen      total 294400K, used 294009K [0x00000000e0000000, 0x00000000ff780000, 0x0000000100000000)
  eden space 272896K, 100% used [0x00000000e0000000,0x00000000f0a80000,0x00000000f0a80000)
  from space 21504K, 98% used [0x00000000f0a80000,0x00000000f1f1e4f0,0x00000000f1f80000)
  to   space 121344K, 0% used [0x00000000f8100000,0x00000000f8100000,0x00000000ff780000)
 ParOldGen       total 594432K, used 402159K [0x00000000a0000000, 0x00000000c4480000, 0x00000000e0000000)
  object space 594432K, 67% used [0x00000000a0000000,0x00000000b88bbd30,0x00000000c4480000)
 Metaspace       used 111084K, capacity 114912K, committed 115096K, reserved 1150976K
  class space    used 12741K, capacity 13648K, committed 13736K, reserved 1048576K
Event: 426.019 GC heap after
Heap after GC invocations=100 (full 6):
 PSYoungGen      total 398848K, used 51129K [0x00000000e0000000, 0x0000000100000000, 0x0000000100000000)
  eden space 277504K, 0% used [0x00000000e0000000,0x00000000e0000000,0x00000000f0f00000)
  from space 121344K, 42% used [0x00000000f8100000,0x00000000fb2ee600,0x00000000ff780000)
  to   space 116736K, 0% used [0x00000000f0f00000,0x00000000f0f00000,0x00000000f8100000)
 ParOldGen       total 594432K, used 402167K [0x00000000a0000000, 0x00000000c4480000, 0x00000000e0000000)
  object space 594432K, 67% used [0x00000000a0000000,0x00000000b88bdd30,0x00000000c4480000)
 Metaspace       used 111084K, capacity 114912K, committed 115096K, reserved 1150976K
  class space    used 12741K, capacity 13648K, committed 13736K, reserved 1048576K
}
Event: 428.840 GC heap before
{Heap before GC invocations=101 (full 6):
 PSYoungGen      total 398848K, used 328633K [0x00000000e0000000, 0x0000000100000000, 0x0000000100000000)
  eden space 277504K, 100% used [0x00000000e0000000,0x00000000f0f00000,0x00000000f0f00000)
  from space 121344K, 42% used [0x00000000f8100000,0x00000000fb2ee600,0x00000000ff780000)
  to   space 116736K, 0% used [0x00000000f0f00000,0x00000000f0f00000,0x00000000f8100000)
 ParOldGen       total 594432K, used 402167K [0x00000000a0000000, 0x00000000c4480000, 0x00000000e0000000)
  object space 594432K, 67% used [0x00000000a0000000,0x00000000b88bdd30,0x00000000c4480000)
 Metaspace       used 111251K, capacity 115094K, committed 115352K, reserved 1150976K
  class space    used 12755K, capacity 13657K, committed 13736K, reserved 1048576K
Event: 428.853 GC heap after
Heap after GC invocations=101 (full 6):
 PSYoungGen      total 394240K, used 15304K [0x00000000e0000000, 0x00000000ff680000, 0x0000000100000000)
  eden space 277504K, 0% used [0x00000000e0000000,0x00000000e0000000,0x00000000f0f00000)
  from space 116736K, 13% used [0x00000000f0f00000,0x00000000f1df21e8,0x00000000f8100000)
  to   space 114176K, 0% used [0x00000000f8700000,0x00000000f8700000,0x00000000ff680000)
 ParOldGen       total 594432K, used 402175K [0x00000000a0000000, 0x00000000c4480000, 0x00000000e0000000)
  object space 594432K, 67% used [0x00000000a0000000,0x00000000b88bfd30,0x00000000c4480000)
 Metaspace       used 111251K, capacity 115094K, committed 115352K, reserved 1150976K
  class space    used 12755K, capacity 13657K, committed 13736K, reserved 1048576K
}
Event: 431.216 GC heap before
{Heap before GC invocations=102 (full 6):
 PSYoungGen      total 394240K, used 292808K [0x00000000e0000000, 0x00000000ff680000, 0x0000000100000000)
  eden space 277504K, 100% used [0x00000000e0000000,0x00000000f0f00000,0x00000000f0f00000)
  from space 116736K, 13% used [0x00000000f0f00000,0x00000000f1df21e8,0x00000000f8100000)
  to   space 114176K, 0% used [0x00000000f8700000,0x00000000f8700000,0x00000000ff680000)
 ParOldGen       total 594432K, used 402175K [0x00000000a0000000, 0x00000000c4480000, 0x00000000e0000000)
  object space 594432K, 67% used [0x00000000a0000000,0x00000000b88bfd30,0x00000000c4480000)
 Metaspace       used 111251K, capacity 115094K, committed 115352K, reserved 1150976K
  class space    used 12755K, capacity 13657K, committed 13736K, reserved 1048576K
Event: 431.260 GC heap after
Heap after GC invocations=102 (full 6):
 PSYoungGen      total 402432K, used 46331K [0x00000000e0000000, 0x00000000ff380000, 0x0000000100000000)
  eden space 291328K, 0% used [0x00000000e0000000,0x00000000e0000000,0x00000000f1c80000)
  from space 111104K, 41% used [0x00000000f8700000,0x00000000fb43ecf0,0x00000000ff380000)
  to   space 109056K, 0% used [0x00000000f1c80000,0x00000000f1c80000,0x00000000f8700000)
 ParOldGen       total 594432K, used 402175K [0x00000000a0000000, 0x00000000c4480000, 0x00000000e0000000)
  object space 594432K, 67% used [0x00000000a0000000,0x00000000b88bfd30,0x00000000c4480000)
 Metaspace       used 111251K, capacity 115094K, committed 115352K, reserved 1150976K
  class space    used 12755K, capacity 13657K, committed 13736K, reserved 1048576K
}
Event: 434.004 GC heap before
{Heap before GC invocations=103 (full 6):
 PSYoungGen      total 402432K, used 337659K [0x00000000e0000000, 0x00000000ff380000, 0x0000000100000000)
  eden space 291328K, 100% used [0x00000000e0000000,0x00000000f1c80000,0x00000000f1c80000)
  from space 111104K, 41% used [0x00000000f8700000,0x00000000fb43ecf0,0x00000000ff380000)
  to   space 109056K, 0% used [0x00000000f1c80000,0x00000000f1c80000,0x00000000f8700000)
 ParOldGen       total 594432K, used 402175K [0x00000000a0000000, 0x00000000c4480000, 0x00000000e0000000)
  object space 594432K, 67% used [0x00000000a0000000,0x00000000b88bfd30,0x00000000c4480000)
 Metaspace       used 111567K, capacity 115476K, committed 115608K, reserved 1150976K
  class space    used 12790K, capacity 13710K, committed 13736K, reserved 1048576K
Event: 434.055 GC heap after
Heap after GC invocations=103 (full 6):
 PSYoungGen      total 400384K, used 60645K [0x00000000e0000000, 0x00000000ffe00000, 0x0000000100000000)
  eden space 291328K, 0% used [0x00000000e0000000,0x00000000e0000000,0x00000000f1c80000)
  from space 109056K, 55% used [0x00000000f1c80000,0x00000000f57b96b8,0x00000000f8700000)
  to   space 109056K, 0% used [0x00000000f9380000,0x00000000f9380000,0x00000000ffe00000)
 ParOldGen       total 594432K, used 402175K [0x00000000a0000000, 0x00000000c4480000, 0x00000000e0000000)
  object space 594432K, 67% used [0x00000000a0000000,0x00000000b88bfd30,0x00000000c4480000)
 Metaspace       used 111567K, capacity 115476K, committed 115608K, reserved 1150976K
  class space    used 12790K, capacity 13710K, committed 13736K, reserved 1048576K
}

